Flutter crash report.
Please report a bug at https://github.com/flutter/flutter/issues.

## command

flutter run

## exception

ProcessException: ProcessException: The system cannot find the file specified.

  Command: .\Google\Chrome\Application\chrome.exe http://127.0.0.1:52487/fOJZRM-VTxQ=/devtools/?uri=ws://127.0.0.1:52487/fOJZRM-VTxQ=/ws

```
#0      _ProcessImpl._start (dart:io-patch/process_patch.dart:421:33)
#1      Process.start (dart:io-patch/process_patch.dart:42:20)
#2      Chrome._startProcess (package:browser_launcher/src/chrome.dart:177:26)
#3      Chrome.start (package:browser_launcher/src/chrome.dart:170:13)
#4      DartDevelopmentServiceLocalOperationsMixin.launchDevToolsInBrowser (package:flutter_tools/src/base/dds.dart:167:22)
#5      TerminalHandler._commonTerminalInputHandler.<anonymous closure> (package:flutter_tools/src/resident_runner.dart:1808:46)
#6      Iterable.fold (dart:core/iterable.dart:427:44)
#7      TerminalHandler._commonTerminalInputHandler (package:flutter_tools/src/resident_runner.dart:1805:16)
#8      TerminalHandler.processTerminalInput (package:flutter_tools/src/resident_runner.dart:1829:13)
#9      _rootRunUnary (dart:async/zone.dart:1538:47)
#10     _CustomZone.runUnary (dart:async/zone.dart:1429:19)
#11     _CustomZone.runUnaryGuarded (dart:async/zone.dart:1329:7)
#12     _BufferingStreamSubscription._sendData (dart:async/stream_impl.dart:381:11)
#13     _BufferingStreamSubscription._add (dart:async/stream_impl.dart:312:7)
#14     _SyncBroadcastStreamController._sendData (dart:async/broadcast_stream_controller.dart:385:25)
#15     _BroadcastStreamController.add (dart:async/broadcast_stream_controller.dart:257:5)
#16     _AsBroadcastStreamController.add (dart:async/broadcast_stream_controller.dart:488:11)
#17     _rootRunUnary (dart:async/zone.dart:1538:47)
#18     _CustomZone.runUnary (dart:async/zone.dart:1429:19)
#19     _CustomZone.runUnaryGuarded (dart:async/zone.dart:1329:7)
#20     _BufferingStreamSubscription._sendData (dart:async/stream_impl.dart:381:11)
#21     _BufferingStreamSubscription._add (dart:async/stream_impl.dart:312:7)
#22     _SinkTransformerStreamSubscription._add (dart:async/stream_transformers.dart:67:11)
#23     _EventSinkWrapper.add (dart:async/stream_transformers.dart:13:11)
#24     _StringAdapterSink.add (dart:convert/string_conversion.dart:228:11)
#25     _StringAdapterSink.addSlice (dart:convert/string_conversion.dart:233:7)
#26     _Utf8ConversionSink.addSlice (dart:convert/string_conversion.dart:313:20)
#27     _ErrorHandlingAsciiDecoderSink.addSlice (dart:convert/ascii.dart:285:17)
#28     _ErrorHandlingAsciiDecoderSink.add (dart:convert/ascii.dart:271:5)
#29     _ConverterStreamEventSink.add (dart:convert/chunked_conversion.dart:70:18)
#30     _SinkTransformerStreamSubscription._handleData (dart:async/stream_transformers.dart:115:24)
#31     _rootRunUnary (dart:async/zone.dart:1538:47)
#32     _CustomZone.runUnary (dart:async/zone.dart:1429:19)
#33     _CustomZone.runUnaryGuarded (dart:async/zone.dart:1329:7)
#34     _BufferingStreamSubscription._sendData (dart:async/stream_impl.dart:381:11)
#35     _BufferingStreamSubscription._add (dart:async/stream_impl.dart:312:7)
#36     _SyncStreamControllerDispatch._sendData (dart:async/stream_controller.dart:798:19)
#37     _StreamController._add (dart:async/stream_controller.dart:663:7)
#38     _StreamController.add (dart:async/stream_controller.dart:618:5)
#39     _Socket._onData (dart:io-patch/socket_patch.dart:2880:41)
#40     _rootRunUnary (dart:async/zone.dart:1546:13)
#41     _CustomZone.runUnary (dart:async/zone.dart:1429:19)
#42     _CustomZone.runUnaryGuarded (dart:async/zone.dart:1329:7)
#43     _BufferingStreamSubscription._sendData (dart:async/stream_impl.dart:381:11)
#44     _BufferingStreamSubscription._add (dart:async/stream_impl.dart:312:7)
#45     _SyncStreamControllerDispatch._sendData (dart:async/stream_controller.dart:798:19)
#46     _StreamController._add (dart:async/stream_controller.dart:663:7)
#47     _StreamController.add (dart:async/stream_controller.dart:618:5)
#48     new _RawSocket.<anonymous closure> (dart:io-patch/socket_patch.dart:2315:31)
#49     _NativeSocket.issueReadEvent.issue (dart:io-patch/socket_patch.dart:1655:14)
#50     _microtaskLoop (dart:async/schedule_microtask.dart:40:35)
#51     _startMicrotaskLoop (dart:async/schedule_microtask.dart:49:5)
#52     _runPendingImmediateCallback (dart:isolate-patch/isolate_patch.dart:127:13)
#53     _RawReceivePort._handleMessage (dart:isolate-patch/isolate_patch.dart:194:5)
```

## flutter doctor

```
[32m[✓][39m Flutter (Channel stable, 3.38.3, on Microsoft Windows [Version 10.0.26200.7462], locale en-US) [639ms]
    [32m•[39m Flutter version 3.38.3 on channel stable at C:\flutter\src\flutter
    [32m•[39m Upstream repository https://github.com/flutter/flutter.git
    [32m•[39m Framework revision 19074d12f7 (3 weeks ago), 2025-11-20 17:53:13 -0500
    [32m•[39m Engine revision 13e658725d
    [32m•[39m Dart version 3.10.1
    [32m•[39m DevTools version 2.51.1
    [32m•[39m Feature flags: enable-web, enable-linux-desktop, enable-macos-desktop, enable-windows-desktop, enable-android, enable-ios, cli-animations, enable-native-assets, omit-legacy-version-file, enable-lldb-debugging

[32m[✓][39m Windows Version (Windows 11 or higher, 25H2, 2009) [1,568ms]

[32m[✓][39m Android toolchain - develop for Android devices (Android SDK version 36.1.0) [2.9s]
    [32m•[39m Android SDK at C:\Users\asifu\AppData\Local\Android\sdk
    [32m•[39m Emulator version 36.2.12.0 (build_id 14214601) (CL:N/A)
    [32m•[39m Platform android-36, build-tools 36.1.0
    [32m•[39m Java binary at: C:\Program Files\Android\Android Studio\jbr\bin\java
      This is the JDK bundled with the latest Android Studio installation on this machine.
      To manually set the JDK path, use: `flutter config --jdk-dir="path/to/jdk"`.
    [32m•[39m Java version OpenJDK Runtime Environment (build 21.0.8+-14196175-b1038.72)
    [32m•[39m All Android licenses accepted.

[31m[✗][39m Chrome - develop for the web (Cannot find Chrome executable at .\Google\Chrome\Application\chrome.exe) [354ms]
    [33m![39m Cannot find Chrome. Try setting CHROME_EXECUTABLE to a Chrome executable.

[33m[!][39m Visual Studio - develop Windows apps (Visual Studio Community 2026 Insiders [11222.16]) [351ms]
    [32m•[39m Visual Studio at C:\Program Files\Microsoft Visual Studio\18\Insiders
    [32m•[39m Visual Studio Community 2026 version 18.3.11222.16
    [32m•[39m The current Visual Studio installation is a pre-release version. It may not be supported by Flutter yet.
    [31m✗[39m Visual Studio is missing necessary components. Please re-run the Visual Studio installer for the "Desktop development with C++" workload, and include these components:
        MSVC v142 - VS 2019 C++ x64/x86 build tools
         - If there are multiple build tool versions available, install the latest
        C++ CMake tools for Windows
        Windows 10 SDK

[32m[✓][39m Connected device (3 available) [487ms]
    [32m•[39m sdk gphone64 x86 64 (mobile) • emulator-5554 • android-x64    • Android 13 (API 33) (emulator)
    [32m•[39m Windows (desktop)            • windows       • windows-x64    • Microsoft Windows [Version 10.0.26200.7462]
    [32m•[39m Edge (web)                   • edge          • web-javascript • Microsoft Edge 143.0.3650.75

[32m[✓][39m Network resources [5.7s]
    [32m•[39m All expected network resources are available.

[33m![39m Doctor found issues in 2 categories.
```
